Error: Failed query: insert into "recipes" ("id", "product_id", "variant_id", "outlet_id", "created_at", "updated_at") values (default, $1, $2, $3, default, default) returning "id", "product_id", "variant_id", "outlet_id", "created_at", "updated_at"
params: 5f1445b5-a233-4851-a914-6d4c6a08808d,cf1b6732-27fa-4393-b05f-7e613a32efc1,bc11fa6c-89a7-4fa7-8f28-06545047b4ca
Error: Failed query: insert into "recipes" ("id", "product_id", "variant_id", "outlet_id", "created_at", "updated_at") values (default, $1, $2, $3, default, default) returning "id", "product_id", "variant_id", "outlet_id", "created_at", "updated_at"
params: 5f1445b5-a233-4851-a914-6d4c6a08808d,cf1b6732-27fa-4393-b05f-7e613a32efc1,bc11fa6c-89a7-4fa7-8f28-06545047b4ca
    at NeonHttpPreparedQuery.queryWithCache (C:\Users\ASUS\OneDrive\Desktop\POS System\pos\.next\dev\server\chunks\node_modules_drizzle-orm_1ove2k2._.js:8642:23)
    at process.processTicksAndRejections (node:internal/process/task_queues:105:5)
    at async NeonHttpPreparedQuery.execute (C:\Users\ASUS\OneDrive\Desktop\POS System\pos\.next\dev\server\chunks\node_modules_drizzle-orm_1ove2k2._.js:8800:24)
    at async createRecipe (C:\Users\ASUS\OneDrive\Desktop\POS System\pos\.next\dev\server\chunks\[root-of-the-server]__0cg7f7z._.js:1660:26)
    at async POST (C:\Users\ASUS\OneDrive\Desktop\POS System\pos\.next\dev\server\chunks\[root-of-the-server]__0cg7f7z._.js:2146:20)
    at async AppRouteRouteModule.do (C:\Users\ASUS\OneDrive\Desktop\POS System\pos\node_modules\next\dist\compiled\next-server\app-route-turbo.runtime.dev.js:5:40131)
    at async AppRouteRouteModule.handle (C:\Users\ASUS\OneDrive\Desktop\POS System\pos\node_modules\next\dist\compiled\next-server\app-route-turbo.runtime.dev.js:5:47411)
    at async responseGenerator (C:\Users\ASUS\OneDrive\Desktop\POS System\pos\.next\dev\server\chunks\node_modules_next_1sy-vyn._.js:16543:38)
    at async AppRouteRouteModule.handleResponse (C:\Users\ASUS\OneDrive\Desktop\POS System\pos\node_modules\next\dist\compiled\next-server\app-route-turbo.runtime.dev.js:1:228552)
    at async handleResponse (C:\Users\ASUS\OneDrive\Desktop\POS System\pos\.next\dev\server\chunks\node_modules_next_1sy-vyn._.js:16606:32)
    at async Module.handler (C:\Users\ASUS\OneDrive\Desktop\POS System\pos\.next\dev\server\chunks\node_modules_next_1sy-vyn._.js:16660:13)
    at async DevServer.renderToResponseWithComponentsImpl (C:\Users\ASUS\OneDrive\Desktop\POS System\pos\node_modules\next\dist\server\base-server.js:1462:9)
    at async DevServer.renderPageComponent (C:\Users\ASUS\OneDrive\Desktop\POS System\pos\node_modules\next\dist\server\base-server.js:1514:24)
    at async DevServer.renderToResponseImpl (C:\Users\ASUS\OneDrive\Desktop\POS System\pos\node_modules\next\dist\server\base-server.js:1564:32)
    at async DevServer.pipeImpl (C:\Users\ASUS\OneDrive\Desktop\POS System\pos\node_modules\next\dist\server\base-server.js:1044:25)
    at async NextNodeServer.handleCatchallRenderRequest (C:\Users\ASUS\OneDrive\Desktop\POS System\pos\node_modules\next\dist\server\next-server.js:338:17)
    at async DevServer.handleRequestImpl (C:\Users\ASUS\OneDrive\Desktop\POS System\pos\node_modules\next\dist\server\base-server.js:935:17)
    at async C:\Users\ASUS\OneDrive\Desktop\POS System\pos\node_modules\next\dist\server\dev\next-dev-server.js:394:20
    at async Span.traceAsyncFn (C:\Users\ASUS\OneDrive\Desktop\POS System\pos\node_modules\next\dist\trace\trace.js:164:20)
    at async DevServer.handleRequest (C:\Users\ASUS\OneDrive\Desktop\POS System\pos\node_modules\next\dist\server\dev\next-dev-server.js:390:24)
    at async invokeRender (C:\Users\ASUS\OneDrive\Desktop\POS System\pos\node_modules\next\dist\server\lib\router-server.js:266:21)
    at async handleRequest (C:\Users\ASUS\OneDrive\Desktop\POS System\pos\node_modules\next\dist\server\lib\router-server.js:465:24)
    at async requestHandlerImpl (C:\Users\ASUS\OneDrive\Desktop\POS System\pos\node_modules\next\dist\server\lib\router-server.js:514:13)
    at async Server.requestListener (C:\Users\ASUS\OneDrive\Desktop\POS System\pos\node_modules\next\dist\server\lib\start-server.js:225:13)